0 info it worked if it ends with ok
1 verbose cli [ 'D:\\software\\node\\node.exe',
1 verbose cli   'D:\\software\\node\\node_modules\\npm\\bin\\npm-cli.js',
1 verbose cli   'run',
1 verbose cli   'deploy' ]
2 info using npm@2.15.1
3 info using node@v10.16.1
4 verbose run-script [ 'predeploy', 'deploy', 'postdeploy' ]
5 info predeploy tingMayday.github.io@1.0.0
6 info deploy tingMayday.github.io@1.0.0
7 verbose unsafe-perm in lifecycle true
8 info tingMayday.github.io@1.0.0 Failed to exec deploy script
9 verbose stack Error: tingMayday.github.io@1.0.0 deploy: `bash deploy.sh`
9 verbose stack Exit status 1
9 verbose stack     at EventEmitter.<anonymous> (D:\software\node\node_modules\npm\lib\utils\lifecycle.js:217:16)
9 verbose stack     at EventEmitter.emit (events.js:198:13)
9 verbose stack     at ChildProcess.<anonymous> (D:\software\node\node_modules\npm\lib\utils\spawn.js:24:14)
9 verbose stack     at ChildProcess.emit (events.js:198:13)
9 verbose stack     at maybeClose (internal/child_process.js:982:16)
9 verbose stack     at Process.ChildProcess._handle.onexit (internal/child_process.js:259:5)
10 verbose pkgid tingMayday.github.io@1.0.0
11 verbose cwd D:\项目\vuepress-blog
12 error Windows_NT 10.0.17763
13 error argv "D:\\software\\node\\node.exe" "D:\\software\\node\\node_modules\\npm\\bin\\npm-cli.js" "run" "deploy"
14 error node v10.16.1
15 error npm  v2.15.1
16 error code ELIFECYCLE
17 error tingMayday.github.io@1.0.0 deploy: `bash deploy.sh`
17 error Exit status 1
18 error Failed at the tingMayday.github.io@1.0.0 deploy script 'bash deploy.sh'.
18 error This is most likely a problem with the tingMayday.github.io package,
18 error not with npm itself.
18 error Tell the author that this fails on your system:
18 error     bash deploy.sh
18 error You can get information on how to open an issue for this project with:
18 error     npm bugs tingMayday.github.io
18 error Or if that isn't available, you can get their info via:
18 error
18 error     npm owner ls tingMayday.github.io
18 error There is likely additional logging output above.
19 verbose exit [ 1, true ]
